<?xml version="1.0" encoding="UTF-8"?>
<!-- Generated by org.testng.reporters.JUnitReportReporter -->
<testsuite hostname="DESKTOP-E9MJV65" failures="0" tests="10" name="testtng.Grouping" time="0.073" errors="0" timestamp="2023-10-11T10:12:59 IST" skipped="0">
  <testcase classname="testtng.Grouping" name="countries2" time="0.019"/>
  <testcase classname="testtng.Grouping" name="countries" time="0.003"/>
  <testcase classname="testtng.Grouping" name="countries3" time="0.003"/>
  <testcase classname="testtng.Grouping" name="countries4" time="0.003"/>
  <testcase classname="testtng.Grouping" name="countries5" time="0.022"/>
  <testcase classname="testtng.Grouping" name="countries6" time="0.006"/>
  <testcase classname="testtng.Grouping" name="countries7" time="0.004"/>
  <testcase classname="testtng.Grouping" name="countries8" time="0.003"/>
  <testcase classname="testtng.Grouping" name="countries9" time="0.003"/>
  <testcase classname="testtng.Grouping" name="countries10" time="0.007"/>
</testsuite> <!-- testtng.Grouping -->
