<?xml version="1.0" encoding="UTF-8"?>
<!-- Generated by org.testng.reporters.JUnitReportReporter -->
<testsuite hostname="DESKTOP-E9MJV65" failures="0" tests="2" name="testtng.SecondTestNewGen" time="0.027" errors="0" timestamp="2023-10-08T06:39:31 IST" skipped="0">
  <testcase classname="testtng.SecondTestNewGen" name="method2" time="0.024"/>
  <testcase classname="testtng.SecondTestNewGen" name="method1" time="0.003"/>
</testsuite> <!-- testtng.SecondTestNewGen -->
